<?xml version="1.0" encoding="UTF-8"?>
<!-- Generated by org.testng.reporters.JUnitXMLReporter -->
<testsuite ignored="0" hostname="DESKTOP-K118OT7" failures="0" tests="6" name="Default test" time="36.482" errors="0" timestamp="2024-05-31T10:08:33 IST">
  <testcase classname="TestCase.HomePageTestCase" name="verifyHomePage_ElementVisibility" time="3.789"/>
  <testcase classname="TestCase.HomePageTestCase" name="verifyProductList_FeaturedSection" time="2.42"/>
  <testcase classname="TestCase.HomePageTestCase" name="verifyMacBook_FeaturedSection" time="1.296"/>
  <testcase classname="TestCase.HomePageTestCase" name="verifyIPhone_FeaturedSection" time="1.23"/>
  <testcase classname="TestCase.HomePageTestCase" name="verifyAppleCinema30Product" time="1.722"/>
  <testcase classname="TestCase.HomePageTestCase" name="verify_CanonEOS5D_Product" time="0.062"/>
</testsuite> <!-- Default test -->
