<?xml version="1.0" encoding="UTF-8"?>
<testng-results ignored="0" total="6" passed="6" failed="0" skipped="0">
  <reporter-output>
  </reporter-output>
  <suite started-at="2024-05-31T10:07:57 IST" name="Default suite" finished-at="2024-05-31T10:08:33 IST" duration-ms="36482">
    <groups>
    </groups>
    <test started-at="2024-05-31T10:07:57 IST" name="Default test" finished-at="2024-05-31T10:08:33 IST" duration-ms="36482">
      <class name="TestCase.HomePageTestCase">
        <test-method is-config="true" signature="ExtentReport()[pri:0, instance:TestCase.HomePageTestCase@75437611]" started-at="2024-05-31T10:07:57 IST" name="ExtentReport" finished-at="2024-05-31T10:07:57 IST" duration-ms="536" status="PASS">
          <reporter-output>
          </reporter-output>
        </test-method> <!-- ExtentReport -->
        <test-method is-config="true" signature="LaunchURL()[pri:0, instance:TestCase.HomePageTestCase@75437611]" started-at="2024-05-31T10:07:57 IST" name="LaunchURL" finished-at="2024-05-31T10:08:05 IST" duration-ms="7436" status="PASS">
          <reporter-output>
          </reporter-output>
        </test-method> <!-- LaunchURL -->
        <test-method signature="verifyHomePage_ElementVisibility()[pri:0, instance:TestCase.HomePageTestCase@75437611]" started-at="2024-05-31T10:08:05 IST" name="verifyHomePage_ElementVisibility" finished-at="2024-05-31T10:08:09 IST" duration-ms="3789" status="PASS">
          <reporter-output>
          </reporter-output>
        </test-method> <!-- verifyHomePage_ElementVisibility -->
        <test-method is-config="true" signature="QuiteBrowser()[pri:0, instance:TestCase.HomePageTestCase@75437611]" started-at="2024-05-31T10:08:09 IST" name="QuiteBrowser" finished-at="2024-05-31T10:08:09 IST" duration-ms="375" status="PASS">
          <reporter-output>
          </reporter-output>
        </test-method> <!-- QuiteBrowser -->
        <test-method is-config="true" signature="LaunchURL()[pri:0, instance:TestCase.HomePageTestCase@75437611]" started-at="2024-05-31T10:08:09 IST" name="LaunchURL" finished-at="2024-05-31T10:08:12 IST" duration-ms="2798" status="PASS">
          <reporter-output>
          </reporter-output>
        </test-method> <!-- LaunchURL -->
        <test-method signature="verifyProductList_FeaturedSection()[pri:1, instance:TestCase.HomePageTestCase@75437611]" started-at="2024-05-31T10:08:12 IST" name="verifyProductList_FeaturedSection" finished-at="2024-05-31T10:08:14 IST" duration-ms="2420" status="PASS">
          <reporter-output>
          </reporter-output>
        </test-method> <!-- verifyProductList_FeaturedSection -->
        <test-method is-config="true" signature="QuiteBrowser()[pri:0, instance:TestCase.HomePageTestCase@75437611]" started-at="2024-05-31T10:08:14 IST" name="QuiteBrowser" finished-at="2024-05-31T10:08:15 IST" duration-ms="349" status="PASS">
          <reporter-output>
          </reporter-output>
        </test-method> <!-- QuiteBrowser -->
        <test-method is-config="true" signature="LaunchURL()[pri:0, instance:TestCase.HomePageTestCase@75437611]" started-at="2024-05-31T10:08:15 IST" name="LaunchURL" finished-at="2024-05-31T10:08:18 IST" duration-ms="3156" status="PASS">
          <reporter-output>
          </reporter-output>
        </test-method> <!-- LaunchURL -->
        <test-method signature="verifyMacBook_FeaturedSection()[pri:2, instance:TestCase.HomePageTestCase@75437611]" started-at="2024-05-31T10:08:18 IST" name="verifyMacBook_FeaturedSection" finished-at="2024-05-31T10:08:19 IST" duration-ms="1296" status="PASS">
          <reporter-output>
          </reporter-output>
        </test-method> <!-- verifyMacBook_FeaturedSection -->
        <test-method is-config="true" signature="QuiteBrowser()[pri:0, instance:TestCase.HomePageTestCase@75437611]" started-at="2024-05-31T10:08:19 IST" name="QuiteBrowser" finished-at="2024-05-31T10:08:19 IST" duration-ms="293" status="PASS">
          <reporter-output>
          </reporter-output>
        </test-method> <!-- QuiteBrowser -->
        <test-method is-config="true" signature="LaunchURL()[pri:0, instance:TestCase.HomePageTestCase@75437611]" started-at="2024-05-31T10:08:19 IST" name="LaunchURL" finished-at="2024-05-31T10:08:22 IST" duration-ms="3018" status="PASS">
          <reporter-output>
          </reporter-output>
        </test-method> <!-- LaunchURL -->
        <test-method signature="verifyIPhone_FeaturedSection()[pri:3, instance:TestCase.HomePageTestCase@75437611]" started-at="2024-05-31T10:08:22 IST" name="verifyIPhone_FeaturedSection" finished-at="2024-05-31T10:08:24 IST" duration-ms="1230" status="PASS">
          <reporter-output>
          </reporter-output>
        </test-method> <!-- verifyIPhone_FeaturedSection -->
        <test-method is-config="true" signature="QuiteBrowser()[pri:0, instance:TestCase.HomePageTestCase@75437611]" started-at="2024-05-31T10:08:24 IST" name="QuiteBrowser" finished-at="2024-05-31T10:08:24 IST" duration-ms="329" status="PASS">
          <reporter-output>
          </reporter-output>
        </test-method> <!-- QuiteBrowser -->
        <test-method is-config="true" signature="LaunchURL()[pri:0, instance:TestCase.HomePageTestCase@75437611]" started-at="2024-05-31T10:08:24 IST" name="LaunchURL" finished-at="2024-05-31T10:08:26 IST" duration-ms="2281" status="PASS">
          <reporter-output>
          </reporter-output>
        </test-method> <!-- LaunchURL -->
        <test-method signature="verifyAppleCinema30Product()[pri:4, instance:TestCase.HomePageTestCase@75437611]" started-at="2024-05-31T10:08:26 IST" name="verifyAppleCinema30Product" finished-at="2024-05-31T10:08:28 IST" duration-ms="1722" status="PASS">
          <reporter-output>
          </reporter-output>
        </test-method> <!-- verifyAppleCinema30Product -->
        <test-method is-config="true" signature="QuiteBrowser()[pri:0, instance:TestCase.HomePageTestCase@75437611]" started-at="2024-05-31T10:08:28 IST" name="QuiteBrowser" finished-at="2024-05-31T10:08:28 IST" duration-ms="277" status="PASS">
          <reporter-output>
          </reporter-output>
        </test-method> <!-- QuiteBrowser -->
        <test-method is-config="true" signature="LaunchURL()[pri:0, instance:TestCase.HomePageTestCase@75437611]" started-at="2024-05-31T10:08:28 IST" name="LaunchURL" finished-at="2024-05-31T10:08:33 IST" duration-ms="4278" status="PASS">
          <reporter-output>
          </reporter-output>
        </test-method> <!-- LaunchURL -->
        <test-method signature="verify_CanonEOS5D_Product()[pri:5, instance:TestCase.HomePageTestCase@75437611]" started-at="2024-05-31T10:08:33 IST" name="verify_CanonEOS5D_Product" finished-at="2024-05-31T10:08:33 IST" duration-ms="62" status="PASS">
          <reporter-output>
          </reporter-output>
        </test-method> <!-- verify_CanonEOS5D_Product -->
        <test-method is-config="true" signature="QuiteBrowser()[pri:0, instance:TestCase.HomePageTestCase@75437611]" started-at="2024-05-31T10:08:33 IST" name="QuiteBrowser" finished-at="2024-05-31T10:08:33 IST" duration-ms="323" status="PASS">
          <reporter-output>
          </reporter-output>
        </test-method> <!-- QuiteBrowser -->
        <test-method is-config="true" signature="endReport()[pri:0, instance:TestCase.HomePageTestCase@75437611]" started-at="2024-05-31T10:08:33 IST" name="endReport" finished-at="2024-05-31T10:08:33 IST" duration-ms="405" status="PASS">
          <reporter-output>
          </reporter-output>
        </test-method> <!-- endReport -->
      </class> <!-- TestCase.HomePageTestCase -->
    </test> <!-- Default test -->
  </suite> <!-- Default suite -->
</testng-results>
